<?xml version="1.0" encoding="UTF-8"?>
<testng-results ignored="0" total="2" passed="2" failed="0" skipped="0">
  <reporter-output>
  </reporter-output>
  <suite started-at="2021-07-25T00:08:12 IST" name="nopCommerece" finished-at="2021-07-25T00:08:42 IST" duration-ms="29768">
    <groups>
    </groups>
    <test started-at="2021-07-25T00:08:12 IST" name="Test1" finished-at="2021-07-25T00:08:26 IST" duration-ms="13861">
      <class name="com.nopcommerce.testCases.TC_LoginTest_001">
        <test-method is-config="true" signature="setUp(java.lang.String)[pri:0, instance:com.nopcommerce.testCases.TC_LoginTest_001@6cd28fa7]" started-at="2021-07-25T00:08:12 IST" name="setUp" finished-at="2021-07-25T00:08:14 IST" duration-ms="1927" status="PASS">
          <params>
            <param index="0">
              <value>
                <![CDATA[chrome]]>
              </value>
            </param>
          </params>
          <reporter-output>
          </reporter-output>
        </test-method> <!-- setUp -->
        <test-method signature="loginTest()[pri:0, instance:com.nopcommerce.testCases.TC_LoginTest_001@6cd28fa7]" started-at="2021-07-25T00:08:14 IST" name="loginTest" finished-at="2021-07-25T00:08:25 IST" duration-ms="11179" status="PASS">
          <reporter-output>
          </reporter-output>
        </test-method> <!-- loginTest -->
        <test-method is-config="true" signature="tearDown()[pri:0, instance:com.nopcommerce.testCases.TC_LoginTest_001@6cd28fa7]" started-at="2021-07-25T00:08:26 IST" name="tearDown" finished-at="2021-07-25T00:08:26 IST" duration-ms="715" status="PASS">
          <reporter-output>
          </reporter-output>
        </test-method> <!-- tearDown -->
      </class> <!-- com.nopcommerce.testCases.TC_LoginTest_001 -->
    </test> <!-- Test1 -->
    <test started-at="2021-07-25T00:08:26 IST" name="Test2" finished-at="2021-07-25T00:08:42 IST" duration-ms="15875">
      <class name="com.nopcommerce.testCases.TC_LoginTest_001">
        <test-method is-config="true" signature="setUp(java.lang.String)[pri:0, instance:com.nopcommerce.testCases.TC_LoginTest_001@66f57048]" started-at="2021-07-25T00:08:26 IST" name="setUp" finished-at="2021-07-25T00:08:30 IST" duration-ms="3520" status="PASS">
          <params>
            <param index="0">
              <value>
                <![CDATA[firefox]]>
              </value>
            </param>
          </params>
          <reporter-output>
          </reporter-output>
        </test-method> <!-- setUp -->
        <test-method signature="loginTest()[pri:0, instance:com.nopcommerce.testCases.TC_LoginTest_001@66f57048]" started-at="2021-07-25T00:08:30 IST" name="loginTest" finished-at="2021-07-25T00:08:41 IST" duration-ms="11495" status="PASS">
          <reporter-output>
          </reporter-output>
        </test-method> <!-- loginTest -->
        <test-method is-config="true" signature="tearDown()[pri:0, instance:com.nopcommerce.testCases.TC_LoginTest_001@66f57048]" started-at="2021-07-25T00:08:41 IST" name="tearDown" finished-at="2021-07-25T00:08:42 IST" duration-ms="854" status="PASS">
          <reporter-output>
          </reporter-output>
        </test-method> <!-- tearDown -->
      </class> <!-- com.nopcommerce.testCases.TC_LoginTest_001 -->
    </test> <!-- Test2 -->
  </suite> <!-- nopCommerece -->
</testng-results>
